<?xml version="1.0" encoding="UTF-8" standalone="no" ?>
<testsuites>
  <testsuite errors="0" failures="0" name="TestApp" skipped="0" tests="8" time="225.3169">
    <testcase classname="TestApp" name="testCase_StraightTicketPurchase" time="23.1859"/>
    <testcase classname="TestApp" name="testCase_BiggestChangeOnTicketPurchase" time="22.1381"/>
    <testcase classname="TestApp" name="testCase_CancelTicketPurchase" time="17.1738"/>
    <testcase classname="TestApp" name="testCase_050CentsIncrementalTicketPurchase" time="23.1153"/>
    <testcase classname="TestApp" name="testCase_020CentsIncrementalTicketPurchase" time="28.1029"/>
    <testcase classname="TestApp" name="testCase_010CentsIncrementalTicketPurchase" time="38.5793"/>
    <testcase classname="TestApp" name="testCase_FullyEmptyAndReloadCashBox" time="59.8229"/>
    <testcase classname="TestApp" name="testCase_SwitchOffTheLowLevelApplication" time="13.1988"/>
  </testsuite>
</testsuites>
